-------------------------------------------------------------------------------
Test set: com.example.cse5914backend.Cse5914BackendApplicationTests
-------------------------------------------------------------------------------
Tests run: 1, Failures: 0, Errors: 1, Skipped: 0, Time elapsed: 0.146 s <<< FAILURE! - in com.example.cse5914backend.Cse5914BackendApplicationTests
com.example.cse5914backend.Cse5914BackendApplicationTests  Time elapsed: 0.146 s  <<< ERROR!
java.lang.IllegalStateException: Unable to find a @SpringBootConfiguration, you need to use @ContextConfiguration or @SpringBootTest(classes=...) with your test

