<?xml version="1.0" encoding="UTF-8"?>
<testsuite xmlns:xsi="http://www.w3.org/2001/XMLSchema-instance" xsi:noNamespaceSchemaLocation="https://maven.apache.org/surefire/maven-surefire-plugin/xsd/surefire-test-report.xsd" name="com.example.cse5914backend.Cse5914BackendApplicationTests" time="0.146" tests="1" errors="1" skipped="0" failures="0">
  <properties>
[...]
</properties>
  <testcase name="com.example.cse5914backend.Cse5914BackendApplicationTests" classname="com.example.cse5914backend.Cse5914BackendApplicationTests" time="0.146">
    <error message="Unable to find a @SpringBootConfiguration, you need to use @ContextConfiguration or @SpringBootTest(classes=...) with your test" type="java.lang.IllegalStateException">java.lang.IllegalStateException: Unable to find a @SpringBootConfiguration, you need to use @ContextConfiguration or @SpringBootTest(classes=...) with your test
</error>
    <system-out><![CDATA[18:56:30.166 [main] DEBUG org.springframework.test.context.BootstrapUtils - Instantiating CacheAwareContextLoaderDelegate from class [org.springframework.test.context.cache.DefaultCacheAwareContextLoaderDelegate]
18:56:30.172 [main] DEBUG org.springframework.test.context.BootstrapUtils - Instantiating BootstrapContext using constructor [public org.springframework.test.context.support.DefaultBootstrapContext(java.lang.Class,org.springframework.test.context.CacheAwareContextLoaderDelegate)]
18:56:30.191 [main] DEBUG org.springframework.test.context.BootstrapUtils - Instantiating TestContextBootstrapper for test class [com.example.cse5914backend.Cse5914BackendApplicationTests] from class [org.springframework.boot.test.context.SpringBootTestContextBootstrapper]
18:56:30.198 [main] INFO org.springframework.boot.test.context.SpringBootTestContextBootstrapper - Neither @ContextConfiguration nor @ContextHierarchy found for test class [com.example.cse5914backend.Cse5914BackendApplicationTests], using SpringBootContextLoader
18:56:30.200 [main] DEBUG org.springframework.test.context.support.AbstractContextLoader - Did not detect default resource location for test class [com.example.cse5914backend.Cse5914BackendApplicationTests]: class path resource [com/example/cse5914backend/Cse5914BackendApplicationTests-context.xml] does not exist
18:56:30.200 [main] DEBUG org.springframework.test.context.support.AbstractContextLoader - Did not detect default resource location for test class [com.example.cse5914backend.Cse5914BackendApplicationTests]: class path resource [com/example/cse5914backend/Cse5914BackendApplicationTestsContext.groovy] does not exist
18:56:30.200 [main] INFO org.springframework.test.context.support.AbstractContextLoader - Could not detect default resource locations for test class [com.example.cse5914backend.Cse5914BackendApplicationTests]: no resource found for suffixes {-context.xml, Context.groovy}.
18:56:30.201 [main] INFO org.springframework.test.context.support.AnnotationConfigContextLoaderUtils - Could not detect default configuration classes for test class [com.example.cse5914backend.Cse5914BackendApplicationTests]: Cse5914BackendApplicationTests does not declare any static, non-private, non-final, nested classes annotated with @Configuration.
18:56:30.221 [main] DEBUG org.springframework.test.context.support.ActiveProfilesUtils - Could not find an 'annotation declaring class' for annotation type [org.springframework.test.context.ActiveProfiles] and class [com.example.cse5914backend.Cse5914BackendApplicationTests]
]]></system-out>
  </testcase>
</testsuite>